\BOOKMARK [1][]{Titlepage.1}{finGARCH: Titlepage}{}
\BOOKMARK [1][]{section.1}{1 Introduction}{}
\BOOKMARK [1][]{section.2}{2 Mean and Variance Equation}{}
\BOOKMARK [2][]{subsection.2.1}{2.1 ARMA Mean Equation}{section.2}
\BOOKMARK [2][]{subsection.2.2}{2.2 GARCH Variance Equation}{section.2}
\BOOKMARK [1][]{section.3}{3 GARCH Modelling Process}{}
\BOOKMARK [2][]{subsection.3.1}{3.1 Specification Structure}{section.3}
\BOOKMARK [2][]{subsection.3.2}{3.2 Simulation of Time Series}{section.3}
\BOOKMARK [2][]{subsection.3.3}{3.3 Parameter Estimation}{section.3}
\BOOKMARK [2][]{subsection.3.4}{3.4 Diagnostic Analysis}{section.3}
\BOOKMARK [2][]{subsection.3.5}{3.5 Forecasting}{section.3}
\BOOKMARK [1][]{section.4}{4 Numerical Investigations}{}
\BOOKMARK [2][]{subsection.4.1}{4.1 GARCH\(1,1\) Benchmark}{section.4}
\BOOKMARK [2][]{subsection.4.2}{4.2 Modelling DEM/GBP Rates}{section.4}
\BOOKMARK [2][]{subsection.4.3}{4.3 Benchmark Comparison}{section.4}
\BOOKMARK [1][]{section.5}{5 Summary and Next Steps}{}
\BOOKMARK [1][]{section.6}{6 GARCH Function Summary}{}
\BOOKMARK [2][]{subsection.6.1}{6.1 List of R Functions}{section.6}
\BOOKMARK [2][]{subsection.6.2}{6.2 List of Data Sets}{section.6}
\BOOKMARK [2][]{subsection.6.3}{6.3 List of Examples}{section.6}
\BOOKMARK [2][]{subsection.6.4}{6.4 Software Licence}{section.6}
\BOOKMARK [1][]{Bibliography.1}{References}{}
