This is pdfTeX, Version 3.141592-1.10b (MiKTeX 2.3) (preloaded format=latex 2000.11.28)  6 AUG 2004 20:19
**finGARCH.tex
(finGARCH.tex{pdftex.cfg}
LaTeX2e <2001/06/01>
Babel <v3.7h> and hyphenation patterns for english, french, german, ngerman, du
mylang, nohyphenation, loaded.
(C:\Program Files\texmf\tex\latex\base\article.cls
Document Class: article 2001/04/21 v1.4e Standard LaTeX document class
(C:\Program Files\texmf\tex\latex\base\size11.clo
File: size11.clo 2001/04/21 v1.4e Standard LaTeX file (size option)
)
\c@part=\count79
\c@section=\count80
\c@subsection=\count81
\c@subsubsection=\count82
\c@paragraph=\count83
\c@subparagraph=\count84
\c@figure=\count85
\c@table=\count86
\abovecaptionskip=\skip41
\belowcaptionskip=\skip42
\bibindent=\dimen102
)
(C:\Program Files\texmf\tex\latex\graphics\epsfig.sty
Package: epsfig 1999/02/16 v1.7a (e)psfig emulation (SPQR)

(C:\Program Files\texmf\tex\latex\graphics\graphicx.sty
Package: graphicx 1999/02/16 v1.0f Enhanced LaTeX Graphics (DPC,SPQR)

(C:\Program Files\texmf\tex\latex\graphics\keyval.sty
Package: keyval 1999/03/16 v1.13 key=value parser (DPC)
\KV@toks@=\toks14
)
(C:\Program Files\texmf\tex\latex\graphics\graphics.sty
Package: graphics 2001/07/07 v1.0n Standard LaTeX Graphics (DPC,SPQR)

(C:\Program Files\texmf\tex\latex\graphics\trig.sty
Package: trig 1999/03/16 v1.09 sin cos tan (DPC)
)
(C:\Program Files\texmf\tex\latex\00miktex\graphics.cfg
File: graphics.cfg 2003/03/12 v1.1 MiKTeX 'graphics' configuration
)
Package graphics Info: Driver file: pdftex.def on input line 80.

(C:\Program Files\texmf\tex\latex\graphics\pdftex.def
File: pdftex.def 2002/06/19 v0.03k graphics/color for pdftex
\Gread@gobject=\count87
))
\Gin@req@height=\dimen103
\Gin@req@width=\dimen104
)
\epsfxsize=\dimen105
\epsfysize=\dimen106
)
(C:\Program Files\texmf\tex\latex\amsfonts\amssymb.sty
Package: amssymb 2002/01/22 v2.2d

(C:\Program Files\texmf\tex\latex\amsfonts\amsfonts.sty
Package: amsfonts 2001/10/25 v2.2f
\@emptytoks=\toks15
\symAMSa=\mathgroup4
\symAMSb=\mathgroup5
LaTeX Font Info:    Overwriting math alphabet `\mathfrak' in version `bold'
(Font)                  U/euf/m/n --> U/euf/b/n on input line 132.
))
(C:\Program Files\texmf\tex\latex\amsmath\amsmath.sty
Package: amsmath 2000/07/18 v2.13 AMS math features
\@mathmargin=\skip43

For additional information on amsmath, use the `?' option.
(C:\Program Files\texmf\tex\latex\amsmath\amstext.sty
Package: amstext 2000/06/29 v2.01

(C:\Program Files\texmf\tex\latex\amsmath\amsgen.sty
File: amsgen.sty 1999/11/30 v2.0
\@emptytoks=\toks16
\ex@=\dimen107
))
(C:\Program Files\texmf\tex\latex\amsmath\amsbsy.sty
Package: amsbsy 1999/11/29 v1.2d
\pmbraise@=\dimen108
)
(C:\Program Files\texmf\tex\latex\amsmath\amsopn.sty
Package: amsopn 1999/12/14 v2.01 operator names
)
\inf@bad=\count88
LaTeX Info: Redefining \frac on input line 211.
\uproot@=\count89
\leftroot@=\count90
LaTeX Info: Redefining \overline on input line 307.
\classnum@=\count91
\DOTSCASE@=\count92
LaTeX Info: Redefining \ldots on input line 379.
LaTeX Info: Redefining \dots on input line 382.
LaTeX Info: Redefining \cdots on input line 467.
\Mathstrutbox@=\box26
\strutbox@=\box27
\big@size=\dimen109
LaTeX Font Info:    Redeclaring font encoding OML on input line 567.
LaTeX Font Info:    Redeclaring font encoding OMS on input line 568.
\macc@depth=\count93
\c@MaxMatrixCols=\count94
\dotsspace@=\muskip10
\c@parentequation=\count95
\dspbrk@lvl=\count96
\tag@help=\toks17
\row@=\count97
\column@=\count98
\maxfields@=\count99
\andhelp@=\toks18
\eqnshift@=\dimen110
\alignsep@=\dimen111
\tagshift@=\dimen112
\tagwidth@=\dimen113
\totwidth@=\dimen114
\lineht@=\dimen115
\@envbody=\toks19
\multlinegap=\skip44
\multlinetaggap=\skip45
\mathdisplay@stack=\toks20
LaTeX Info: Redefining \[ on input line 2666.
LaTeX Info: Redefining \] on input line 2667.
) (parskip.sty)
(C:\Program Files\texmf\tex\latex\hyperref\hyperref.sty
Package: hyperref 2003/06/01 v6.74e Hypertext links for LaTeX
\@linkdim=\dimen116
\Hy@linkcounter=\count100
\Hy@pagecounter=\count101

(C:\Program Files\texmf\tex\latex\hyperref\pd1enc.def
File: pd1enc.def 2003/06/01 v6.74e Hyperref: PDFDocEncoding definition (HO)
)
(C:\Program Files\texmf\tex\latex\00miktex\hyperref.cfg
File: hyperref.cfg 2003/03/08 v1.0 MiKTeX 'hyperref' configuration
)
Package hyperref Info: Option `bookmarks' set `true' on input line 1829.
Package hyperref Info: Option `bookmarksopen' set `true' on input line 1829.
Package hyperref Info: Option `bookmarksnumbered' set `true' on input line 1829
.
Package hyperref Info: Hyper figures OFF on input line 1879.
Package hyperref Info: Link nesting OFF on input line 1884.
Package hyperref Info: Hyper index ON on input line 1887.
Package hyperref Info: Plain pages ON on input line 1892.
Package hyperref Info: Backreferencing OFF on input line 1899.

Implicit mode ON; LaTeX internals redefined
Package hyperref Info: Bookmarks ON on input line 2003.
(C:\Program Files\texmf\tex\latex\ltxmisc\url.sty
\Urlmuskip=\muskip11
Package: url 1999/03/28  ver 1.5x  Verb mode for urls, etc.
)
LaTeX Info: Redefining \url on input line 2142.
\Fld@menulength=\count102
\Field@Width=\dimen117
\Fld@charsize=\dimen118
\Choice@toks=\toks21
\Field@toks=\toks22
Package hyperref Info: Hyper figures OFF on input line 2617.
Package hyperref Info: Link nesting OFF on input line 2622.
Package hyperref Info: Hyper index ON on input line 2625.
Package hyperref Info: backreferencing OFF on input line 2632.
Package hyperref Info: Link coloring OFF on input line 2637.
\c@Item=\count103
\c@Hfootnote=\count104
)
*hyperref using default driver hpdftex*
(C:\Program Files\texmf\tex\latex\hyperref\hpdftex.def
File: hpdftex.def 2003/06/01 v6.74e Hyperref driver for pdfTeX

(C:\Program Files\texmf\tex\latex\psnfss\pifont.sty
Package: pifont 2002/09/08 PSNFSS-v9.0a Pi font support (SPQR) 
LaTeX Font Info:    Try loading font information for U+pzd on input line 62.

(C:\Program Files\texmf\tex\latex\psnfss\upzd.fd
File: upzd.fd 2001/06/04 font definitions for U/pzd.
)
LaTeX Font Info:    Try loading font information for U+psy on input line 63.

(C:\Program Files\texmf\tex\latex\psnfss\upsy.fd
File: upsy.fd 2001/06/04 font definitions for U/psy.
))
\Fld@listcount=\count105
\@outlinefile=\write3
) (finGARCH.aux

LaTeX Warning: Label `skewed.distribution' multiply defined.


LaTeX Warning: Label `engle86a' multiply defined.


LaTeX Warning: Label `ling02a' multiply defined.

)
LaTeX Font Info:    Checking defaults for OML/cmm/m/it on input line 26.
LaTeX Font Info:    ... okay on input line 26.
LaTeX Font Info:    Checking defaults for T1/cmr/m/n on input line 26.
LaTeX Font Info:    ... okay on input line 26.
LaTeX Font Info:    Checking defaults for OT1/cmr/m/n on input line 26.
LaTeX Font Info:    ... okay on input line 26.
LaTeX Font Info:    Checking defaults for OMS/cmsy/m/n on input line 26.
LaTeX Font Info:    ... okay on input line 26.
LaTeX Font Info:    Checking defaults for OMX/cmex/m/n on input line 26.
LaTeX Font Info:    ... okay on input line 26.
LaTeX Font Info:    Checking defaults for U/cmr/m/n on input line 26.
LaTeX Font Info:    ... okay on input line 26.
LaTeX Font Info:    Checking defaults for PD1/pdf/m/n on input line 26.
LaTeX Font Info:    ... okay on input line 26.
 (C:\Program Files\texmf\tex\context\base\supp-pdf.tex
(C:\Program Files\texmf\tex\context\base\supp-mis.tex
loading : Context Support Macros / Missing
\protectiondepth=\count106
\scratchcounter=\count107
\scratchdimen=\dimen119
\scratchskip=\skip46
\scratchmuskip=\muskip12
\scratchbox=\box28
\scratchread=\read1
\scratchwrite=\write4
\nextbox=\box29
\nextdepth=\dimen120
\everyline=\toks23
\!!counta=\count108
\!!countb=\count109
\recursecounter=\count110
)
loading : Context Support Macros / PDF
\nofMPsegments=\count111
\nofMParguments=\count112
)
Package hyperref Info: Link coloring OFF on input line 26.
 (C:\Program Files\texmf\tex\latex\hyperref\nameref.sty
Package: nameref 2001/01/27 v2.19 Cross-referencing by name of section
\c@section@level=\count113
)
LaTeX Info: Redefining \ref on input line 26.
LaTeX Info: Redefining \pageref on input line 26.
 (finGARCH.out)
(finGARCH.out)
LaTeX Font Info:    Try loading font information for U+msa on input line 48.
 (C:\Program Files\texmf\tex\latex\amsfonts\umsa.fd
File: umsa.fd 2002/01/19 v2.2g AMS font definitions
)
LaTeX Font Info:    Try loading font information for U+msb on input line 48.

(C:\Program Files\texmf\tex\latex\amsfonts\umsb.fd
File: umsb.fd 2002/01/19 v2.2g AMS font definitions
) [1

{psfonts.map}] [2]
[3]
LaTeX Font Info:    Try loading font information for OMS+cmr on input line 289.

 (C:\Program Files\texmf\tex\latex\base\omscmr.fd
File: omscmr.fd 1999/05/25 v2.5h Standard LaTeX font definitions
)
LaTeX Font Info:    Font shape `OMS/cmr/m/n' in size <10.95> not available
(Font)              Font shape `OMS/cmsy/m/n' tried instead on input line 289.
 [4]
Underfull \hbox (badness 10000) in paragraph at lines 326--327

 []

LaTeX Font Info:    Font shape `OMS/cmr/m/n' in size <9> not available
(Font)              Font shape `OMS/cmsy/m/n' tried instead on input line 328.
[5] [6] [7] <figures/Figure1.pdf, id=207, 476.78125pt x 582.175pt>
File: figures/Figure1.pdf Graphic file (type pdf)

<use figures/Figure1.pdf> [8] [9 <figures/Figure1.pdf>]

LaTeX Warning: Reference `student.distribution' on page 10 undefined on input l
ine 785.

[10] <figures/Figure2.pdf, id=252, 476.78125pt x 582.175pt>
File: figures/Figure2.pdf Graphic file (type pdf)

<use figures/Figure2.pdf> [11] [12 <figures/Figure2.pdf>] [13]

LaTeX Warning: Reference `student.distribution' on page 14 undefined on input l
ine 1050.

[14] [15] <figures/x.pdf, id=298, 470.56604pt x 385.23927pt>
File: figures/x.pdf Graphic file (type pdf)

<use figures/x.pdf> [16 <figures/x.pdf>] [17] [18] [19]
Underfull \hbox (badness 10000) in paragraph at lines 1456--1458

 []

<figures/benchmark1.pdf, id=324, 480.59549pt x 175.39926pt>
File: figures/benchmark1.pdf Graphic file (type pdf)

<use figures/benchmark1.pdf>

LaTeX Warning: `h' float specifier changed to `ht'.

[20] [21 <figures/benchmark1.pdf>] [22] [23] [24] [25] [26]
<figures/xmpGarchDEMGBP.pdf, id=385, 470.56604pt x 385.23927pt>
File: figures/xmpGarchDEMGBP.pdf Graphic file (type pdf)

<use figures/xmpGarchDEMGBP.pdf> [27 <figures/xmpGarchDEMGBP.pdf>]
File: figures/benchmark1.pdf Graphic file (type pdf)

<use figures/benchmark1.pdf>
<figures/benchmark2.pdf, id=396, 477.70471pt x 474.88617pt>
File: figures/benchmark2.pdf Graphic file (type pdf)

<use figures/benchmark2.pdf> [28] [29 <figures/benchmark2.pdf>] [30]
Overfull \hbox (49.38026pt too wide) in paragraph at lines 2225--2230
[]/cmr9/The col-lec-tion of ARMA-GARCH mod-elling func-tions in-cludes func-tio
ns to sim-u-late ar-ti-fi-cial GARCH/APARCH
 []

[31] [32] [33
! pdfTeX warning (ext4): destination with the same identifier (name{cite.engle8
6a}) has been already used, duplicate ignored
<to be read again> 
                   \endgroup 
l.2483 
       ]
Missing character: There is no ’ in font cmti10!
 [34
! pdfTeX warning (ext4): destination with the same identifier (name{cite.ling02
a}) has been already used, duplicate ignored
<to be read again> 
                   \endgroup 
l.2592 \end{document}
                     ] (finGARCH.aux)

LaTeX Warning: There were undefined references.


LaTeX Warning: There were multiply-defined labels.

 ) 
Here is how much of TeX's memory you used:
 3773 strings out of 95644
 46243 string characters out of 1191129
 101677 words of memory out of 1098710
 6464 multiletter control sequences out of 35000
 18507 words of font info for 68 fonts, out of 500000 for 1000
 14 hyphenation exceptions out of 607
 32i,12n,36p,224b,413s stack positions out of 1500i,500n,5000p,200000b,32768s
 491 PDF objects out of 65536
 135 named destinations out of 20000
 200 words of extra memory for PDF output out of 65536
<cmsl10.pfb><cmex10.pfb><cmbx10.pfb><cmti8.pfb><msam10.pfb><cmss9.pfb><cmmi5.
pfb><cmex10.pfb><cmmi6.pfb><cmti9.pfb><cmr6.pfb><cmsy6.pfb><cmmi9.pfb><cmtt10.p
fb><cmr9.pfb><cmtt9.pfb><cmsy9.pfb><cmbx9.pfb><cmex10.pfb><cmr8.pfb><cmsy8.pfb>
<cmsy10.pfb><cmmi8.pfb><cmmi10.pfb><cmss10.pfb><cmcsc10.pfb><cmti10.pfb><cmr10.
pfb><cmr12.pfb><cmbx12.pfb><cmr17.pfb>
Output written on finGARCH.pdf (34 pages, 881150 bytes).
